<?xml version="1.0" encoding="UTF-8"?>
<!-- Generated by org.testng.reporters.JUnitReportReporter -->
<testsuite name="practtice.TakeScreenShot" tests="1" time="21.957" ignored="0" failures="0" timestamp="29 Oct 2018 10:28:13 GMT" skipped="0" hostname="FULL271-WIN" errors="0">
  <testcase name="openBrowser" time="21.957" classname="practtice.TakeScreenShot"/>
</testsuite> <!-- practtice.TakeScreenShot -->
