<?xml version="1.0" encoding="UTF-8"?>
<!-- Generated by org.testng.reporters.JUnitReportReporter -->
<testsuite name="dataprovider.RDFGoogleSheet" tests="1" time="7.055" ignored="0" failures="0" timestamp="25 Oct 2018 11:31:21 GMT" skipped="0" hostname="FULL271-WIN" errors="0">
  <testcase name="launchbrowser" time="7.055" classname="dataprovider.RDFGoogleSheet"/>
</testsuite> <!-- dataprovider.RDFGoogleSheet -->
