<?xml version="1.0" encoding="UTF-8"?>
<!-- Generated by org.testng.reporters.JUnitReportReporter -->
<testsuite skipped="0" hostname="FULL271-WIN" name="dataprovider.SignIn" tests="1" failures="0" timestamp="22 Oct 2018 19:17:32 GMT" time="17.310" errors="0">
  <testcase name="launchbrowser" time="17.310" classname="dataprovider.SignIn"/>
</testsuite> <!-- dataprovider.SignIn -->
